Watching for file changes with StatReloader
[15/Nov/2024 14:53:36] "POST /admin/app/applicationtracking/add/ HTTP/1.1" 302 0
[15/Nov/2024 14:53:36] "GET /admin/app/applicationtracking/ HTTP/1.1" 200 26344
[15/Nov/2024 14:53:36] "GET /admin/jsi18n/ HTTP/1.1" 200 3342
/Users/omar/Main/Software_Projects/Projects/Personal/playground/app/admin.py changed, reloading.
Performing system checks...

System check identified no issues (0 silenced).
November 15, 2024 - 14:53:35
Django version 5.1.2, using settings 'playground.settings'
Starting development server at http://127.0.0.1:8000/
Quit the server with CONTROL-C.

Watching for file changes with StatReloader
[15/Nov/2024 14:53:44] "GET /admin/app/applicationtracking/ HTTP/1.1" 200 35978
[15/Nov/2024 14:53:44] "GET /admin/jsi18n/ HTTP/1.1" 200 3342
[15/Nov/2024 14:53:44] "GET /admin/app/applicationtracking/ HTTP/1.1" 200 35978
[15/Nov/2024 14:53:45] "GET /admin/jsi18n/ HTTP/1.1" 200 3342
[15/Nov/2024 14:53:45] "GET /admin/app/applicationtracking/ HTTP/1.1" 200 35978
[15/Nov/2024 14:53:45] "GET /admin/jsi18n/ HTTP/1.1" 200 3342
[15/Nov/2024 14:53:45] "GET /admin/app/applicationtracking/ HTTP/1.1" 200 35978
[15/Nov/2024 14:53:45] "GET /admin/jsi18n/ HTTP/1.1" 200 3342
/Users/omar/Main/Software_Projects/Projects/Personal/playground/app/admin.py changed, reloading.
Performing system checks...

System check identified no issues (0 silenced).
November 15, 2024 - 14:53:44
Django version 5.1.2, using settings 'playground.settings'
Starting development server at http://127.0.0.1:8000/
Quit the server with CONTROL-C.

Watching for file changes with StatReloader
/Users/omar/Main/Software_Projects/Projects/Personal/playground/app/admin.py changed, reloading.
Performing system checks...

System check identified no issues (0 silenced).
November 15, 2024 - 14:53:58
Django version 5.1.2, using settings 'playground.settings'
Starting development server at http://127.0.0.1:8000/
Quit the server with CONTROL-C.

Watching for file changes with StatReloader
[15/Nov/2024 14:54:08] "GET /admin/app/applicationtracking/ HTTP/1.1" 200 37179
[15/Nov/2024 14:54:08] "GET /admin/jsi18n/ HTTP/1.1" 200 3342
[15/Nov/2024 14:54:08] "GET /admin/app/applicationtracking/ HTTP/1.1" 200 37179
[15/Nov/2024 14:54:08] "GET /admin/jsi18n/ HTTP/1.1" 200 3342
[15/Nov/2024 14:54:08] "GET /admin/app/applicationtracking/ HTTP/1.1" 200 37179
[15/Nov/2024 14:54:08] "GET /admin/jsi18n/ HTTP/1.1" 200 3342
[15/Nov/2024 15:00:51] "GET /admin/app/applicationtracking/ HTTP/1.1" 200 37179
[15/Nov/2024 15:00:51] "GET /admin/jsi18n/ HTTP/1.1" 200 3342
[15/Nov/2024 15:08:33] "GET /admin/ HTTP/1.1" 302 0
[15/Nov/2024 15:08:33] "GET /admin/login/?next=/admin/ HTTP/1.1" 200 9468
[15/Nov/2024 15:08:33] "GET /static/unfold/fonts/material-symbols/styles.css HTTP/1.1" 200 557
[15/Nov/2024 15:08:33] "GET /static/unfold/fonts/inter/styles.css HTTP/1.1" 200 608
[15/Nov/2024 15:08:33] "GET /static/unfold/css/styles.css HTTP/1.1" 200 98178
[15/Nov/2024 15:08:33] "GET /static/unfold/css/simplebar.css HTTP/1.1" 200 4647
[15/Nov/2024 15:08:33] "GET /static/unfold/js/htmx.js HTTP/1.1" 200 42820
[15/Nov/2024 15:08:33] "GET /static/unfold/js/chart.js HTTP/1.1" 200 200633
[15/Nov/2024 15:08:33] "GET /static/unfold/js/app.js HTTP/1.1" 200 7440
[15/Nov/2024 15:08:33] "GET /static/unfold/js/simplebar.js HTTP/1.1" 200 27176
[15/Nov/2024 15:08:33] "GET /static/unfold/js/alpine.anchor.js HTTP/1.1" 200 15524
[15/Nov/2024 15:08:33] "GET /static/unfold/js/alpine.persist.js HTTP/1.1" 200 837
[15/Nov/2024 15:08:33] "GET /static/unfold/js/alpine.js HTTP/1.1" 200 44659
[15/Nov/2024 15:08:33] "GET /static/unfold/fonts/inter/Inter-SemiBold.woff2 HTTP/1.1" 200 46552
[15/Nov/2024 15:08:33] "GET /static/unfold/fonts/inter/Inter-Medium.woff2 HTTP/1.1" 200 46552
[15/Nov/2024 15:08:33] "GET /static/unfold/fonts/material-symbols/Material-Symbols-Outlined.woff2 HTTP/1.1" 200 349864
[15/Nov/2024 15:08:33] "GET /static/unfold/fonts/inter/Inter-Regular.woff2 HTTP/1.1" 200 46552
Not Found: /favicon.ico
[15/Nov/2024 15:08:34] "GET /favicon.ico HTTP/1.1" 404 2212
[15/Nov/2024 15:08:37] "POST /admin/login/?next=/admin/ HTTP/1.1" 302 0
[15/Nov/2024 15:08:37] "GET /admin/ HTTP/1.1" 200 32628
[15/Nov/2024 15:08:38] "GET /admin/app/applicationtracking/ HTTP/1.1" 200 37179
[15/Nov/2024 15:08:39] "GET /admin/jsi18n/ HTTP/1.1" 200 3342
[15/Nov/2024 15:08:39] "GET /static/admin/js/urlify.js HTTP/1.1" 200 7887
[15/Nov/2024 15:08:39] "GET /static/admin/js/core.js HTTP/1.1" 200 6208
[15/Nov/2024 15:08:39] "GET /static/admin/js/jquery.init.js HTTP/1.1" 200 347
[15/Nov/2024 15:08:39] "GET /static/admin/js/admin/RelatedObjectLookups.js HTTP/1.1" 200 9048
[15/Nov/2024 15:08:39] "GET /static/admin/js/actions.js HTTP/1.1" 200 8076
[15/Nov/2024 15:08:39] "GET /static/admin/js/prepopulate.js HTTP/1.1" 200 1531
[15/Nov/2024 15:08:39] "GET /static/admin/js/vendor/jquery/jquery.js HTTP/1.1" 200 285314
[15/Nov/2024 15:08:39] "GET /static/admin/js/vendor/xregexp/xregexp.js HTTP/1.1" 200 325171
[15/Nov/2024 15:08:40] "GET /admin/app/applicationtracking/1/change/ HTTP/1.1" 200 31169
[15/Nov/2024 15:08:40] "GET /static/admin/js/prepopulate_init.js HTTP/1.1" 200 586
[15/Nov/2024 15:08:40] "GET /static/admin/js/calendar.js HTTP/1.1" 200 9141
[15/Nov/2024 15:08:40] "GET /static/admin/js/admin/DateTimeShortcuts.js HTTP/1.1" 200 19319
[15/Nov/2024 15:08:40] "GET /admin/jsi18n/ HTTP/1.1" 200 3342
[15/Nov/2024 15:08:40] "GET /static/admin/js/change_form.js HTTP/1.1" 200 606
[15/Nov/2024 15:08:47] "POST /admin/app/applicationtracking/1/change/ HTTP/1.1" 302 0
[15/Nov/2024 15:08:47] "GET /admin/app/applicationtracking/ HTTP/1.1" 200 37633
[15/Nov/2024 15:08:47] "GET /admin/jsi18n/ HTTP/1.1" 200 3342
[15/Nov/2024 16:28:54] "GET /admin/app/universityprogram/ HTTP/1.1" 200 354900
[15/Nov/2024 16:28:54] "GET /admin/jsi18n/ HTTP/1.1" 200 3342
[15/Nov/2024 17:03:16] "GET /admin/ HTTP/1.1" 200 32657
[15/Nov/2024 17:03:16] "GET /static/unfold/fonts/inter/styles.css HTTP/1.1" 304 0
[15/Nov/2024 17:03:16] "GET /static/unfold/fonts/material-symbols/styles.css HTTP/1.1" 304 0
[15/Nov/2024 17:03:16] "GET /static/unfold/css/simplebar.css HTTP/1.1" 304 0
[15/Nov/2024 17:03:16] "GET /static/unfold/js/simplebar.js HTTP/1.1" 304 0
[15/Nov/2024 17:03:16] "GET /static/unfold/js/app.js HTTP/1.1" 304 0
[15/Nov/2024 17:03:16] "GET /static/unfold/js/alpine.anchor.js HTTP/1.1" 304 0
[15/Nov/2024 17:03:16] "GET /static/unfold/js/alpine.persist.js HTTP/1.1" 304 0
Not Found: /favicon.ico
[15/Nov/2024 17:03:17] "GET /favicon.ico HTTP/1.1" 404 2212
[15/Nov/2024 17:03:19] "GET /admin/app/applicationtracking/ HTTP/1.1" 200 37197
[15/Nov/2024 17:03:19] "GET /static/admin/js/core.js HTTP/1.1" 304 0
[15/Nov/2024 17:03:19] "GET /static/admin/js/actions.js HTTP/1.1" 304 0
[15/Nov/2024 17:03:19] "GET /static/admin/js/prepopulate.js HTTP/1.1" 304 0
[15/Nov/2024 17:03:19] "GET /static/admin/js/admin/RelatedObjectLookups.js HTTP/1.1" 304 0
[15/Nov/2024 17:03:19] "GET /static/admin/js/jquery.init.js HTTP/1.1" 304 0
[15/Nov/2024 17:03:19] "GET /admin/jsi18n/ HTTP/1.1" 200 3342
[15/Nov/2024 17:03:19] "GET /static/admin/js/urlify.js HTTP/1.1" 304 0
[15/Nov/2024 17:03:20] "GET /admin/app/applicationtracking/1/change/ HTTP/1.1" 200 31188
[15/Nov/2024 17:03:20] "GET /static/admin/js/calendar.js HTTP/1.1" 304 0
[15/Nov/2024 17:03:20] "GET /static/admin/js/admin/DateTimeShortcuts.js HTTP/1.1" 304 0
[15/Nov/2024 17:03:20] "GET /static/admin/js/prepopulate_init.js HTTP/1.1" 304 0
[15/Nov/2024 17:03:20] "GET /admin/jsi18n/ HTTP/1.1" 200 3342
[15/Nov/2024 17:03:20] "GET /static/admin/js/change_form.js HTTP/1.1" 304 0
[15/Nov/2024 17:03:21] "GET /admin/app/applicationtracking/ HTTP/1.1" 200 37197
[15/Nov/2024 17:03:23] "GET /admin/app/applicationtracking/add/ HTTP/1.1" 200 29291
[15/Nov/2024 17:03:23] "GET /admin/jsi18n/ HTTP/1.1" 200 3342
[15/Nov/2024 17:04:09] "GET /admin/app/applicationtracking/ HTTP/1.1" 200 37197
[15/Nov/2024 17:04:09] "GET /admin/jsi18n/ HTTP/1.1" 200 3342
[15/Nov/2024 17:04:10] "GET /admin/app/applicationtracking/1/change/ HTTP/1.1" 200 31188
[15/Nov/2024 17:04:10] "GET /admin/jsi18n/ HTTP/1.1" 200 3342
[15/Nov/2024 17:04:14] "POST /admin/app/applicationtracking/add/ HTTP/1.1" 302 0
[15/Nov/2024 17:04:14] "GET /admin/app/applicationtracking/ HTTP/1.1" 200 41344
[15/Nov/2024 17:04:14] "GET /admin/jsi18n/ HTTP/1.1" 200 3342
[15/Nov/2024 17:04:15] "GET /admin/app/applicationtracking/ HTTP/1.1" 200 40910
[15/Nov/2024 17:04:15] "GET /admin/jsi18n/ HTTP/1.1" 200 3342
[15/Nov/2024 17:04:16] "GET /admin/app/applicationtracking/ HTTP/1.1" 200 40910
[15/Nov/2024 17:04:16] "GET /admin/jsi18n/ HTTP/1.1" 200 3342
[15/Nov/2024 17:04:46] "GET /admin/app/universityprogram/ HTTP/1.1" 200 354900
[15/Nov/2024 17:04:46] "GET /admin/jsi18n/ HTTP/1.1" 200 3342
[15/Nov/2024 17:04:48] "GET /admin/app/universityprogram/?q=fau HTTP/1.1" 200 80000
[15/Nov/2024 17:04:48] "GET /admin/jsi18n/ HTTP/1.1" 200 3342
[15/Nov/2024 17:04:55] "GET /admin/app/universityprogram/260/change/?_changelist_filters=q%3Dfau HTTP/1.1" 200 77572
[15/Nov/2024 17:04:55] "GET /admin/jsi18n/ HTTP/1.1" 200 3342
[15/Nov/2024 17:06:03] "GET /admin/app/applicationtracking/ HTTP/1.1" 200 40910
[15/Nov/2024 17:06:03] "GET /admin/jsi18n/ HTTP/1.1" 200 3342
[15/Nov/2024 17:06:06] "GET /admin/app/applicationtracking/add/ HTTP/1.1" 200 29291
[15/Nov/2024 17:06:06] "GET /admin/jsi18n/ HTTP/1.1" 200 3342
/Users/omar/Main/Software_Projects/Projects/Personal/playground/app/models.py changed, reloading.
Performing system checks...

System check identified no issues (0 silenced).
November 15, 2024 - 14:54:07
Django version 5.1.2, using settings 'playground.settings'
Starting development server at http://127.0.0.1:8000/
Quit the server with CONTROL-C.

Watching for file changes with StatReloader
Exception in thread django-main-thread:
Traceback (most recent call last):
  File "/Library/Frameworks/Python.framework/Versions/3.11/lib/python3.11/threading.py", line 1045, in _bootstrap_inner
    self.run()
  File "/Library/Frameworks/Python.framework/Versions/3.11/lib/python3.11/threading.py", line 982, in run
    self._target(*self._args, **self._kwargs)
  File "/Users/omar/Main/Software_Projects/Projects/Personal/playground/.venv/lib/python3.11/site-packages/django/utils/autoreload.py", line 64, in wrapper
    fn(*args, **kwargs)
  File "/Users/omar/Main/Software_Projects/Projects/Personal/playground/.venv/lib/python3.11/site-packages/django/core/management/commands/runserver.py", line 134, in inner_run
    self.check(display_num_errors=True)
  File "/Users/omar/Main/Software_Projects/Projects/Personal/playground/.venv/lib/python3.11/site-packages/django/core/management/base.py", line 563, in check
    raise SystemCheckError(msg)
django.core.management.base.SystemCheckError: SystemCheckError: System check identified some issues:

ERRORS:
app.ApplicationTracking.field: (fields.E009) 'max_length' is too small to fit the longest value in 'choices' (4 characters).

System check identified 1 issue (0 silenced).
/Users/omar/Main/Software_Projects/Projects/Personal/playground/app/models.py changed, reloading.
Performing system checks...

Watching for file changes with StatReloader
Exception in thread django-main-thread:
Traceback (most recent call last):
  File "/Library/Frameworks/Python.framework/Versions/3.11/lib/python3.11/threading.py", line 1045, in _bootstrap_inner
    self.run()
  File "/Library/Frameworks/Python.framework/Versions/3.11/lib/python3.11/threading.py", line 982, in run
    self._target(*self._args, **self._kwargs)
  File "/Users/omar/Main/Software_Projects/Projects/Personal/playground/.venv/lib/python3.11/site-packages/django/utils/autoreload.py", line 64, in wrapper
    fn(*args, **kwargs)
  File "/Users/omar/Main/Software_Projects/Projects/Personal/playground/.venv/lib/python3.11/site-packages/django/core/management/commands/runserver.py", line 134, in inner_run
    self.check(display_num_errors=True)
  File "/Users/omar/Main/Software_Projects/Projects/Personal/playground/.venv/lib/python3.11/site-packages/django/core/management/base.py", line 563, in check
    raise SystemCheckError(msg)
django.core.management.base.SystemCheckError: SystemCheckError: System check identified some issues:

ERRORS:
app.ApplicationTracking.field: (fields.E009) 'max_length' is too small to fit the longest value in 'choices' (4 characters).

System check identified 1 issue (0 silenced).
/Users/omar/Main/Software_Projects/Projects/Personal/playground/app/models.py changed, reloading.
Performing system checks...

Watching for file changes with StatReloader
Exception in thread django-main-thread:
Traceback (most recent call last):
  File "/Library/Frameworks/Python.framework/Versions/3.11/lib/python3.11/threading.py", line 1045, in _bootstrap_inner
    self.run()
  File "/Library/Frameworks/Python.framework/Versions/3.11/lib/python3.11/threading.py", line 982, in run
    self._target(*self._args, **self._kwargs)
  File "/Users/omar/Main/Software_Projects/Projects/Personal/playground/.venv/lib/python3.11/site-packages/django/utils/autoreload.py", line 64, in wrapper
    fn(*args, **kwargs)
  File "/Users/omar/Main/Software_Projects/Projects/Personal/playground/.venv/lib/python3.11/site-packages/django/core/management/commands/runserver.py", line 134, in inner_run
    self.check(display_num_errors=True)
  File "/Users/omar/Main/Software_Projects/Projects/Personal/playground/.venv/lib/python3.11/site-packages/django/core/management/base.py", line 563, in check
    raise SystemCheckError(msg)
django.core.management.base.SystemCheckError: SystemCheckError: System check identified some issues:

ERRORS:
app.ApplicationTracking.field: (fields.E009) 'max_length' is too small to fit the longest value in 'choices' (4 characters).

System check identified 1 issue (0 silenced).
/Users/omar/Main/Software_Projects/Projects/Personal/playground/app/models.py changed, reloading.
Performing system checks...

Watching for file changes with StatReloader
[15/Nov/2024 17:07:07] "GET /admin/app/applicationtracking/add/ HTTP/1.1" 200 29333
[15/Nov/2024 17:07:07] "GET /admin/jsi18n/ HTTP/1.1" 200 3342
[15/Nov/2024 17:07:08] "GET /admin/app/applicationtracking/add/ HTTP/1.1" 200 29333
[15/Nov/2024 17:07:08] "GET /admin/jsi18n/ HTTP/1.1" 200 3342
[15/Nov/2024 17:07:20] "POST /admin/app/applicationtracking/add/ HTTP/1.1" 302 0
[15/Nov/2024 17:07:20] "GET /admin/app/applicationtracking/ HTTP/1.1" 200 45244
[15/Nov/2024 17:07:20] "GET /admin/jsi18n/ HTTP/1.1" 200 3342
